0 info it worked if it ends with ok
1 verbose cli [ '/usr/local/bin/node',
1 verbose cli   '/usr/local/bin/npm',
1 verbose cli   'install',
1 verbose cli   'https://github.com/nathancahill/skeleton-tabs.git' ]
2 info using npm@3.8.6
3 info using node@v6.0.0
4 silly loadCurrentTree Starting
5 silly install loadCurrentTree
6 silly install readLocalPackageData
7 silly fetchPackageMetaData https://github.com/nathancahill/skeleton-tabs.git
8 silly fetchOtherPackageData https://github.com/nathancahill/skeleton-tabs.git
9 silly cache add args [ 'https://github.com/nathancahill/skeleton-tabs.git', null ]
10 verbose cache add spec https://github.com/nathancahill/skeleton-tabs.git
11 silly cache add parsed spec Result {
11 silly cache add   raw: 'https://github.com/nathancahill/skeleton-tabs.git',
11 silly cache add   scope: null,
11 silly cache add   name: null,
11 silly cache add   rawSpec: 'https://github.com/nathancahill/skeleton-tabs.git',
11 silly cache add   spec: 'git+https://github.com/nathancahill/skeleton-tabs.git',
11 silly cache add   type: 'hosted',
11 silly cache add   hosted:
11 silly cache add    { type: 'github',
11 silly cache add      ssh: 'git@github.com:nathancahill/skeleton-tabs.git',
11 silly cache add      sshUrl: 'git+ssh://git@github.com/nathancahill/skeleton-tabs.git',
11 silly cache add      httpsUrl: 'git+https://github.com/nathancahill/skeleton-tabs.git',
11 silly cache add      gitUrl: 'git://github.com/nathancahill/skeleton-tabs.git',
11 silly cache add      shortcut: 'github:nathancahill/skeleton-tabs',
11 silly cache add      directUrl: 'https://raw.githubusercontent.com/nathancahill/skeleton-tabs/master/package.json' } }
12 verbose addRemoteGit caching https://github.com/nathancahill/skeleton-tabs.git
13 verbose addRemoteGit git+https://github.com/nathancahill/skeleton-tabs.git is a repository hosted by github
14 silly tryClone cloning git+https://github.com/nathancahill/skeleton-tabs.git via git+https://github.com/nathancahill/skeleton-tabs.git
15 verbose tryClone git-https-github-com-nathancahill-skeleton-tabs-git-6ce69b68 not in flight; caching
16 verbose correctMkdir /Users/mareks/.npm/_git-remotes correctMkdir not in flight; initializing
17 info git [ 'clone',
17 info git   '--template=/Users/mareks/.npm/_git-remotes/_templates',
17 info git   '--mirror',
17 info git   'https://github.com/nathancahill/skeleton-tabs.git',
17 info git   '/Users/mareks/.npm/_git-remotes/git-https-github-com-nathancahill-skeleton-tabs-git-6ce69b68' ]
18 verbose mirrorRemote git+https://github.com/nathancahill/skeleton-tabs.git git clone https://github.com/nathancahill/skeleton-tabs.git
19 verbose correctMkdir /Users/mareks/.npm/_git-remotes correctMkdir not in flight; initializing
20 verbose setPermissions git+https://github.com/nathancahill/skeleton-tabs.git set permissions on /Users/mareks/.npm/_git-remotes/git-https-github-com-nathancahill-skeleton-tabs-git-6ce69b68
21 verbose resolveHead git+https://github.com/nathancahill/skeleton-tabs.git original treeish: master
22 info git [ 'rev-list', '-n1', 'master' ]
23 silly resolveHead git+https://github.com/nathancahill/skeleton-tabs.git resolved treeish: e8d0444470327203e287e619b64e6be3dcd0fd41
24 verbose resolveHead git+https://github.com/nathancahill/skeleton-tabs.git resolved Git URL: git+https://github.com/nathancahill/skeleton-tabs.git#e8d0444470327203e287e619b64e6be3dcd0fd41
25 silly resolveHead Git working directory: /var/folders/h0/nlry2cr94k7921wqxp228ht80000gn/T/npm-47504-6a93df41/git-cache-4cad35d2/e8d0444470327203e287e619b64e6be3dcd0fd41
26 info git [ 'clone',
26 info git   '/Users/mareks/.npm/_git-remotes/git-https-github-com-nathancahill-skeleton-tabs-git-6ce69b68',
26 info git   '/var/folders/h0/nlry2cr94k7921wqxp228ht80000gn/T/npm-47504-6a93df41/git-cache-4cad35d2/e8d0444470327203e287e619b64e6be3dcd0fd41' ]
27 verbose cloneResolved git+https://github.com/nathancahill/skeleton-tabs.git clone Cloning into '/var/folders/h0/nlry2cr94k7921wqxp228ht80000gn/T/npm-47504-6a93df41/git-cache-4cad35d2/e8d0444470327203e287e619b64e6be3dcd0fd41'...
27 verbose cloneResolved done.
28 info git [ 'checkout', 'e8d0444470327203e287e619b64e6be3dcd0fd41' ]
29 verbose checkoutTreeish git+https://github.com/nathancahill/skeleton-tabs.git checkout Note: checking out 'e8d0444470327203e287e619b64e6be3dcd0fd41'.
29 verbose checkoutTreeish
29 verbose checkoutTreeish You are in 'detached HEAD' state. You can look around, make experimental
29 verbose checkoutTreeish changes and commit them, and you can discard any commits you make in this
29 verbose checkoutTreeish state without impacting any branches by performing another checkout.
29 verbose checkoutTreeish
29 verbose checkoutTreeish If you want to create a new branch to retain commits you create, you may
29 verbose checkoutTreeish do so (now or later) by using -b with the checkout command again. Example:
29 verbose checkoutTreeish
29 verbose checkoutTreeish   git checkout -b <new-branch-name>
29 verbose checkoutTreeish
29 verbose checkoutTreeish HEAD is now at e8d0444... better screenshot
30 info git [ 'submodule', '-q', 'update', '--init', '--recursive' ]
31 verbose updateSubmodules git+https://github.com/nathancahill/skeleton-tabs.git submodule update
32 error addLocal Could not install /var/folders/h0/nlry2cr94k7921wqxp228ht80000gn/T/npm-47504-6a93df41/git-cache-4cad35d2/e8d0444470327203e287e619b64e6be3dcd0fd41
33 silly fetchPackageMetaData Error: EISDIR: illegal operation on a directory, read
33 silly fetchPackageMetaData     at Error (native)
33 silly fetchPackageMetaData  error for https://github.com/nathancahill/skeleton-tabs.git { Error: EISDIR: illegal operation on a directory, read
33 silly fetchPackageMetaData     at Error (native) errno: -21, code: 'EISDIR', syscall: 'read' }
34 silly rollbackFailedOptional Starting
35 silly rollbackFailedOptional Finishing
36 silly runTopLevelLifecycles Starting
37 silly runTopLevelLifecycles Finishing
38 silly install printInstalled
39 verbose stack Error: EISDIR: illegal operation on a directory, read
39 verbose stack     at Error (native)
40 verbose cwd /Users/mareks/Documents/workspace-node/hhk
41 error Darwin 14.5.0
42 error argv "/usr/local/bin/node" "/usr/local/bin/npm" "install" "https://github.com/nathancahill/skeleton-tabs.git"
43 error node v6.0.0
44 error npm  v3.8.6
45 error code EISDIR
46 error errno -21
47 error syscall read
48 error eisdir EISDIR: illegal operation on a directory, read
49 error eisdir This is most likely not a problem with npm itself
49 error eisdir and is related to npm not being able to find a package.json in
49 error eisdir a package you are trying to install.
50 verbose exit [ -21, true ]
